<?xml version="1.0" encoding="UTF-8"?>
<!-- Generated by org.testng.reporters.JUnitReportReporter -->
<testsuite hostname="Prachi" failures="0" tests="1" name="sumValidation" time="1.067" errors="0" timestamp="2023-12-17T15:03:39 EST" skipped="0">
  <testcase classname="sumValidation" name="sumOfCourses" time="1.067"/>
  <system-out/>
</testsuite> <!-- sumValidation -->
