<?xml version="1.0" encoding="UTF-8"?>
<!-- Generated by org.testng.reporters.JUnitReportReporter -->
<testsuite hostname="Prachi" failures="0" tests="1" name="jira" time="5.256" errors="0" timestamp="2023-12-17T20:23:41 EST" skipped="0">
  <testcase classname="jira" name="addComment" time="5.256"/>
  <system-out/>
</testsuite> <!-- jira -->
