<?xml version="1.0" encoding="UTF-8"?>
<!-- Generated by org.testng.reporters.JUnitReportReporter -->
<testsuite hostname="Prachi" failures="0" tests="1" name="PAuth0" time="3.249" errors="1" timestamp="2023-12-18T21:17:16 EST" skipped="0">
  <testcase classname="PAuth0" name="auth0" time="3.249">
    <error message="com.fasterxml.jackson.databind.exc.UnrecognizedPropertyException: Unrecognized field &quot;instructor&quot; (class pojo.GetCourse), not marked as ignorable (6 known properties: &quot;expertise&quot;, &quot;instuctor&quot;, &quot;courses&quot;, &quot;services&quot;, &quot;url&quot;, &quot;linkedIn&quot;])
 at [Source: (String)&quot;
{ &quot;instructor&quot;: &quot;RahulShetty&quot;, &quot;url&quot;: &quot;rahulshettycademy.com&quot;, &quot;services&quot;: &quot;projectSupport&quot;, &quot;expertise&quot;: &quot;Automation&quot;, &quot;courses&quot;: { &quot;webAutomation&quot;: [ { &quot;courseTitle&quot;: &quot;Selenium Webdriver Java&quot;, &quot;price&quot;: &quot;50&quot; }, { &quot;courseTitle&quot;: &quot;Cypress&quot;,
                &quot;price&quot;: &quot;40&quot;
            },
            {
                &quot;courseTitle&quot;: &quot;Protractor&quot;,
                &quot;price&quot;: &quot;40&quot;
            }
        ],
        &quot;api&quot;: [
            {
                &quot;courseTitle&quot;: &quot;Rest Assured Automation using Java&quot;,&quot;[truncated 411 chars]; line: 2, column: 18] (through reference chain: pojo.GetCourse[&quot;instructor&quot;])" type="java.lang.RuntimeException">
      <![CDATA[java.lang.RuntimeException: com.fasterxml.jackson.databind.exc.UnrecognizedPropertyException: Unrecognized field "instructor" (class pojo.GetCourse), not marked as ignorable (6 known properties: "expertise", "instuctor", "courses", "services", "url", "linkedIn"])
 at [Source: (String)"
{ "instructor": "RahulShetty", "url": "rahulshettycademy.com", "services": "projectSupport", "expertise": "Automation", "courses": { "webAutomation": [ { "courseTitle": "Selenium Webdriver Java", "price": "50" }, { "courseTitle": "Cypress",
                "price": "40"
            },
            {
                "courseTitle": "Protractor",
                "price": "40"
            }
        ],
        "api": [
            {
                "courseTitle": "Rest Assured Automation using Java","[truncated 411 chars]; line: 2, column: 18] (through reference chain: pojo.GetCourse["instructor"])
at io.restassured.internal.path.json.mapping.JsonPathJackson2ObjectDeserializer.deserialize(JsonPathJackson2ObjectDeserializer.java:30)
at io.restassured.path.json.mapping.JsonPathObjectDeserializer$deserialize.call(Unknown Source)
at org.codehaus.groovy.runtime.callsite.CallSiteArray.defaultCall(CallSiteArray.java:45)
at org.codehaus.groovy.runtime.callsite.AbstractCallSite.call(AbstractCallSite.java:125)
at org.codehaus.groovy.runtime.callsite.AbstractCallSite.call(AbstractCallSite.java:139)
at io.restassured.internal.mapping.Jackson2Mapper.deserialize(Jackson2Mapper.groovy:58)
at io.restassured.mapper.ObjectMapper$deserialize.call(Unknown Source)
at org.codehaus.groovy.runtime.callsite.CallSiteArray.defaultCall(CallSiteArray.java:45)
at org.codehaus.groovy.runtime.callsite.AbstractCallSite.call(AbstractCallSite.java:125)
at org.codehaus.groovy.runtime.callsite.AbstractCallSite.call(AbstractCallSite.java:139)
at io.restassured.internal.mapping.ObjectMapping.parseWithJackson2(ObjectMapping.groovy:254)
at io.restassured.internal.mapping.ObjectMapping$parseWithJackson2$0.callStatic(Unknown Source)
at org.codehaus.groovy.runtime.callsite.CallSiteArray.defaultCallStatic(CallSiteArray.java:53)
at org.codehaus.groovy.runtime.callsite.AbstractCallSite.callStatic(AbstractCallSite.java:217)
at org.codehaus.groovy.runtime.callsite.AbstractCallSite.callStatic(AbstractCallSite.java:240)
at io.restassured.internal.mapping.ObjectMapping.deserialize(ObjectMapping.groovy:56)
at io.restassured.internal.mapping.ObjectMapping$deserialize.call(Unknown Source)
at org.codehaus.groovy.runtime.callsite.CallSiteArray.defaultCall(CallSiteArray.java:45)
at org.codehaus.groovy.runtime.callsite.AbstractCallSite.call(AbstractCallSite.java:125)
at io.restassured.internal.RestAssuredResponseOptionsGroovyImpl.as(RestAssuredResponseOptionsGroovyImpl.groovy:229)
at io.restassured.internal.RestAssuredResponseOptionsImpl.as(RestAssuredResponseOptionsImpl.java:169)
at PAuth0.auth0(PAuth0.java:61)
at java.base/jdk.internal.reflect.NativeMethodAccessorImpl.invoke0(Native Method)
at java.base/jdk.internal.reflect.NativeMethodAccessorImpl.invoke(NativeMethodAccessorImpl.java:77)
at java.base/jdk.internal.reflect.DelegatingMethodAccessorImpl.invoke(DelegatingMethodAccessorImpl.java:43)
at java.base/java.lang.reflect.Method.invoke(Method.java:568)
at org.testng.internal.invokers.MethodInvocationHelper.invokeMethod(MethodInvocationHelper.java:139)
at org.testng.internal.invokers.TestInvoker.invokeMethod(TestInvoker.java:677)
at org.testng.internal.invokers.TestInvoker.invokeTestMethod(TestInvoker.java:221)
at org.testng.internal.invokers.MethodRunner.runInSequence(MethodRunner.java:50)
at org.testng.internal.invokers.TestInvoker$MethodInvocationAgent.invoke(TestInvoker.java:962)
at org.testng.internal.invokers.TestInvoker.invokeTestMethods(TestInvoker.java:194)
at org.testng.internal.invokers.TestMethodWorker.invokeTestMethods(TestMethodWorker.java:148)
at org.testng.internal.invokers.TestMethodWorker.run(TestMethodWorker.java:128)
at java.base/java.util.ArrayList.forEach(ArrayList.java:1511)
at org.testng.TestRunner.privateRun(TestRunner.java:806)
at org.testng.TestRunner.run(TestRunner.java:601)
at org.testng.SuiteRunner.runTest(SuiteRunner.java:433)
at org.testng.SuiteRunner.runSequentially(SuiteRunner.java:427)
at org.testng.SuiteRunner.privateRun(SuiteRunner.java:387)
at org.testng.SuiteRunner.run(SuiteRunner.java:330)
at org.testng.SuiteRunnerWorker.runSuite(SuiteRunnerWorker.java:52)
at org.testng.SuiteRunnerWorker.run(SuiteRunnerWorker.java:95)
at org.testng.TestNG.runSuitesSequentially(TestNG.java:1256)
at org.testng.TestNG.runSuitesLocally(TestNG.java:1176)
at org.testng.TestNG.runSuites(TestNG.java:1099)
at org.testng.TestNG.run(TestNG.java:1067)
at org.testng.remote.AbstractRemoteTestNG.run(AbstractRemoteTestNG.java:115)
at org.testng.remote.RemoteTestNG.initAndRun(RemoteTestNG.java:251)
at org.testng.remote.RemoteTestNG.main(RemoteTestNG.java:77)
Caused by: com.fasterxml.jackson.databind.exc.UnrecognizedPropertyException: Unrecognized field "instructor" (class pojo.GetCourse), not marked as ignorable (6 known properties: "expertise", "instuctor", "courses", "services", "url", "linkedIn"])
 at [Source: (String)"
{ "instructor": "RahulShetty", "url": "rahulshettycademy.com", "services": "projectSupport", "expertise": "Automation", "courses": { "webAutomation": [ { "courseTitle": "Selenium Webdriver Java", "price": "50" }, { "courseTitle": "Cypress",
                "price": "40"
            },
            {
                "courseTitle": "Protractor",
                "price": "40"
            }
        ],
        "api": [
            {
                "courseTitle": "Rest Assured Automation using Java","[truncated 411 chars]; line: 2, column: 18] (through reference chain: pojo.GetCourse["instructor"])
at com.fasterxml.jackson.databind.exc.UnrecognizedPropertyException.from(UnrecognizedPropertyException.java:61)
at com.fasterxml.jackson.databind.DeserializationContext.handleUnknownProperty(DeserializationContext.java:823)
at com.fasterxml.jackson.databind.deser.std.StdDeserializer.handleUnknownProperty(StdDeserializer.java:1153)
at com.fasterxml.jackson.databind.deser.BeanDeserializerBase.handleUnknownProperty(BeanDeserializerBase.java:1589)
at com.fasterxml.jackson.databind.deser.BeanDeserializerBase.handleUnknownVanilla(BeanDeserializerBase.java:1567)
at com.fasterxml.jackson.databind.deser.BeanDeserializer.vanillaDeserialize(BeanDeserializer.java:294)
at com.fasterxml.jackson.databind.deser.BeanDeserializer.deserialize(BeanDeserializer.java:151)
at com.fasterxml.jackson.databind.ObjectMapper._readMapAndClose(ObjectMapper.java:4013)
at com.fasterxml.jackson.databind.ObjectMapper.readValue(ObjectMapper.java:3042)
at io.restassured.internal.path.json.mapping.JsonPathJackson2ObjectDeserializer.deserialize(JsonPathJackson2ObjectDeserializer.java:28)
... 49 more
]]>
    </error>
  </testcase> <!-- auth0 -->
  <system-out/>
</testsuite> <!-- PAuth0 -->
